#
# There is insufficient memory for the Java Runtime Environment to continue.
# Native memory allocation (mmap) failed to map 266338304 bytes for Failed to commit area from 0x00000000e0000000 to 0x00000000efe00000 of length 266338304.
# Possible reasons:
#   The system is out of physical RAM or swap space
#   The process is running with CompressedOops enabled, and the Java Heap may be blocking the growth of the native heap
# Possible solutions:
#   Reduce memory load on the system
#   Increase physical memory or swap space
#   Check if swap backing store is full
#   Decrease Java heap size (-Xmx/-Xms)
#   Decrease number of Java threads
#   Decrease Java thread stack sizes (-Xss)
#   Set larger code cache with -XX:ReservedCodeCacheSize=
# This output file may be truncated or incomplete.
#
#  Out of Memory Error (c:/BuildAgent/work/5ff2f6c26000d570/src/hotspot/os/windows/os_windows.cpp:3291), pid=16120, tid=16084
#
# JRE version:  (11.0.5+10) (build )
# Java VM: OpenJDK 64-Bit Server VM (11.0.5+10-b520.38, mixed mode, aot, sharing, tiered, compressed oops, g1 gc, windows-amd64)
# No core dump will be written. Minidumps are not enabled by default on client versions of Windows
#

---------------  S U M M A R Y ------------

Command Line: -Dorg.gradle.native=false -Xmx512m -Dfile.encoding=windows-1250 -Duser.country=PL -Duser.language=pl -Duser.variant -ea worker.org.gradle.process.internal.worker.GradleWorkerMain 'Gradle Test Executor 5'

Host: Intel(R) Core(TM) i7-7700HQ CPU @ 2.80GHz, 8 cores, 15G,  Windows 10 , 64 bit Build 18362 (10.0.18362.900)
Time: Sat Jun 20 15:23:32 2020 ?rodkowoeuropejski czas letni elapsed time: 0 seconds (0d 0h 0m 0s)

---------------  T H R E A D  ---------------

Current thread (0x00000268a5add000):  JavaThread "Unknown thread" [_thread_in_vm, id=16084, stack(0x00000075dd500000,0x00000075dd600000)]

Stack: [0x00000075dd500000,0x00000075dd600000]
Native frames: (J=compiled Java code, j=interpreted, Vv=VM code, C=native code)
V  [jvm.dll+0x5dcafa]
V  [jvm.dll+0x70e375]
V  [jvm.dll+0x70f898]
V  [jvm.dll+0x70ff63]
V  [jvm.dll+0x23e238]
V  [jvm.dll+0x5da1c4]
V  [jvm.dll+0x5cf265]
V  [jvm.dll+0x2fac3b]
V  [jvm.dll+0x2fabaa]
V  [jvm.dll+0x2faa82]
V  [jvm.dll+0x2ff956]
V  [jvm.dll+0x3480d3]
V  [jvm.dll+0x3487d6]
V  [jvm.dll+0x3481d3]
V  [jvm.dll+0x2d5548]
V  [jvm.dll+0x2d66e7]
V  [jvm.dll+0x6ed237]
V  [jvm.dll+0x6eea2c]
V  [jvm.dll+0x355849]
V  [jvm.dll+0x6d239e]
V  [jvm.dll+0x3be283]
V  [jvm.dll+0x3c0701]
C  [jli.dll+0x5363]
C  [ucrtbase.dll+0x20e82]
C  [KERNEL32.DLL+0x17bd4]
C  [ntdll.dll+0x6ce51]


---------------  P R O C E S S  ---------------

Threads class SMR info:
_java_thread_list=0x00000268a39473a0, length=0, elements={
}

Java Threads: ( => current thread )

Other Threads:
  0x00000268a5af4800 GCTaskThread "GC Thread#0" [stack: 0x00000075dd600000,0x00000075dd700000] [id=21796]
  0x00000268a5b09000 ConcurrentGCThread "G1 Main Marker" [stack: 0x00000075dd700000,0x00000075dd800000] [id=19684]
  0x00000268a5b0a800 ConcurrentGCThread "G1 Conc#0" [stack: 0x00000075dd800000,0x00000075dd900000] [id=16148]

[error occurred during error reporting (printing all threads), id 0xc0000005, EXCEPTION_ACCESS_VIOLATION (0xc0000005) at pc=0x00007ff9e0eb5c17]

VM state:not at safepoint (not fully initialized)

VM Mutex/Monitor currently owned by a thread:  ([mutex/lock_event])
[0x00000268a5adb5e0] Heap_lock - owner thread: 0x00000268a5add000

Heap address: 0x00000000e0000000, size: 512 MB, Compressed Oops mode: Non-zero based: 0x00000000e0000000
Narrow klass base: 0x0000000000000000, Narrow klass shift: 0

GC Heap History (0 events):
No events

Deoptimization events (0 events):
No events

Classes redefined (0 events):
No events

Internal exceptions (0 events):
No events

Events (0 events):
No events


Dynamic libraries:
0x00007ff6fe360000 - 0x00007ff6fe36a000 	C:\Program Files\JetBrains\IntelliJ IDEA Community Edition 2019.3.3\jbr\bin\java.exe
0x00007ffa37080000 - 0x00007ffa37270000 	C:\WINDOWS\SYSTEM32\ntdll.dll
0x00007ffa35860000 - 0x00007ffa35912000 	C:\WINDOWS\System32\KERNEL32.DLL
0x00007ffa34970000 - 0x00007ffa34c14000 	C:\WINDOWS\System32\KERNELBASE.dll
0x00007ffa34d70000 - 0x00007ffa34e6a000 	C:\WINDOWS\System32\ucrtbase.dll
0x00007ffa32800000 - 0x00007ffa32819000 	C:\Program Files\JetBrains\IntelliJ IDEA Community Edition 2019.3.3\jbr\bin\jli.dll
0x00007ffa32820000 - 0x00007ffa32837000 	C:\Program Files\JetBrains\IntelliJ IDEA Community Edition 2019.3.3\jbr\bin\VCRUNTIME140.dll
0x00007ffa36210000 - 0x00007ffa363a4000 	C:\WINDOWS\System32\USER32.dll
0x00007ffa28e60000 - 0x00007ffa290e4000 	C:\WINDOWS\WinSxS\amd64_microsoft.windows.common-controls_6595b64144ccf1df_6.0.18362.900_none_e6beb9d913147d17\COMCTL32.dll
0x00007ffa34840000 - 0x00007ffa34861000 	C:\WINDOWS\System32\win32u.dll
0x00007ffa35130000 - 0x00007ffa351ce000 	C:\WINDOWS\System32\msvcrt.dll
0x00007ffa35550000 - 0x00007ffa35576000 	C:\WINDOWS\System32\GDI32.dll
0x00007ffa34f90000 - 0x00007ffa35125000 	C:\WINDOWS\System32\gdi32full.dll
0x00007ffa35ed0000 - 0x00007ffa36205000 	C:\WINDOWS\System32\combase.dll
0x00007ffa34ef0000 - 0x00007ffa34f8e000 	C:\WINDOWS\System32\msvcp_win.dll
0x00007ffa36aa0000 - 0x00007ffa36bc0000 	C:\WINDOWS\System32\RPCRT4.dll
0x00007ffa34870000 - 0x00007ffa348f0000 	C:\WINDOWS\System32\bcryptPrimitives.dll
0x00007ffa35a20000 - 0x00007ffa35a4e000 	C:\WINDOWS\System32\IMM32.DLL
0x00007ffa326b0000 - 0x00007ffa3274d000 	C:\Program Files\JetBrains\IntelliJ IDEA Community Edition 2019.3.3\jbr\bin\msvcp140.dll
0x00007ff9e0bd0000 - 0x00007ff9e168b000 	C:\Program Files\JetBrains\IntelliJ IDEA Community Edition 2019.3.3\jbr\bin\server\jvm.dll
0x00007ffa36f90000 - 0x00007ffa37033000 	C:\WINDOWS\System32\ADVAPI32.dll
0x00007ffa353e0000 - 0x00007ffa35477000 	C:\WINDOWS\System32\sechost.dll
0x00007ffa35920000 - 0x00007ffa35928000 	C:\WINDOWS\System32\PSAPI.DLL
0x00007ffa25fa0000 - 0x00007ffa25fa9000 	C:\WINDOWS\SYSTEM32\WSOCK32.dll
0x00007ffa289b0000 - 0x00007ffa289d4000 	C:\WINDOWS\SYSTEM32\WINMM.dll
0x00007ffa2ea40000 - 0x00007ffa2ea4a000 	C:\WINDOWS\SYSTEM32\VERSION.dll
0x00007ffa35580000 - 0x00007ffa355ef000 	C:\WINDOWS\System32\WS2_32.dll
0x00007ffa28760000 - 0x00007ffa2878d000 	C:\WINDOWS\SYSTEM32\winmmbase.dll
0x00007ffa34ea0000 - 0x00007ffa34eea000 	C:\WINDOWS\System32\cfgmgr32.dll
0x00007ffa33f80000 - 0x00007ffa33f91000 	C:\WINDOWS\System32\kernel.appcore.dll
0x00007ffa2ce30000 - 0x00007ffa2ce41000 	C:\Program Files\JetBrains\IntelliJ IDEA Community Edition 2019.3.3\jbr\bin\verify.dll
0x00007ffa31860000 - 0x00007ffa31a54000 	C:\WINDOWS\SYSTEM32\DBGHELP.DLL
0x00007ffa2c0b0000 - 0x00007ffa2c0da000 	C:\WINDOWS\SYSTEM32\dbgcore.DLL
0x00007ffa2ce00000 - 0x00007ffa2ce29000 	C:\Program Files\JetBrains\IntelliJ IDEA Community Edition 2019.3.3\jbr\bin\java.dll
0x00007ffa2cde0000 - 0x00007ffa2cdf7000 	C:\Program Files\JetBrains\IntelliJ IDEA Community Edition 2019.3.3\jbr\bin\zip.dll
0x00007ffa2d130000 - 0x00007ffa2d13b000 	C:\Program Files\JetBrains\IntelliJ IDEA Community Edition 2019.3.3\jbr\bin\jimage.dll

dbghelp: loaded successfully - version: 4.0.5 - missing functions: none
symbol engine: initialized successfully - sym options: 0x614 - pdb path: .;C:\Program Files\JetBrains\IntelliJ IDEA Community Edition 2019.3.3\jbr\bin;C:\WINDOWS\SYSTEM32;C:\WINDOWS\WinSxS\amd64_microsoft.windows.common-controls_6595b64144ccf1df_6.0.18362.900_none_e6beb9d913147d17;C:\Program Files\JetBrains\IntelliJ IDEA Community Edition 2019.3.3\jbr\bin\server

VM Arguments:
jvm_args: -Dorg.gradle.native=false -Xmx512m -Dfile.encoding=windows-1250 -Duser.country=PL -Duser.language=pl -Duser.variant -ea 
java_command: worker.org.gradle.process.internal.worker.GradleWorkerMain 'Gradle Test Executor 5'
java_class_path (initial): C:\\Users\\magda\\.gradle\\caches\\5.2.1\\workerMain\\gradle-worker.jar;D:\\KodillaCourse\\kodilla-cucumber\\build\\classes\\java\\test;D:\\KodillaCourse\\kodilla-cucumber\\build\\resources\\test;D:\\KodillaCourse\\kodilla-cucumber\\build\\classes\\java\\main;D:\\KodillaCourse\\kodilla-cucumber\\build\\resources\\main;C:\\Users\\magda\\.gradle\\caches\\modules-2\\files-2.1\\io.cucumber\\cucumber-java8\\5.0.0-RC4\\70c4410628c2261bd8fa4da51f30ae02f84160a\\cucumber-java8-5.0.0-RC4.jar;C:\\Users\\magda\\.gradle\\caches\\modules-2\\files-2.1\\io.cucumber\\cucumber-junit\\5.0.0-RC4\\14b33e058a20702d928a9d65d777061fcc6d690a\\cucumber-junit-5.0.0-RC4.jar;C:\\Users\\magda\\.gradle\\caches\\modules-2\\files-2.1\\io.cucumber\\cucumber-core\\5.0.0-RC4\\72b8e3e5b64a2622d993357c7f3bfefd1d35f297\\cucumber-core-5.0.0-RC4.jar;C:\\Users\\magda\\.gradle\\caches\\modules-2\\files-2.1\\io.cucumber\\cucumber-expressions\\8.2.1\\a13d813940f35573942743eecbdf03f7c20cc988\\cucumber-expressions-8.2.1.jar;C:\\Users\\magda\\.gradle\\caches\\modules-2\\files-2.1\\io.cucumber\\datatable\\3.1.0\\65d538866b6e1c3b1c8c32f691ecf3248d25c212\\datatable-3.1.0.jar;C:\\Users\\magda\\.gradle\\caches\\modules-2\\files-2.1\\io.cucumber\\cucumber-gherkin-vintage\\5.0.0-RC4\\321670d076b5bf94c7f673a45979f8e58dbcf246\\cucumber-gherkin-vintage-5.0.0-RC4.jar;C:\\Users\\magda\\.gradle\\caches\\modules-2\\files-2.1\\io.cucumber\\cucumber-gherkin\\5.0.0-RC4\\6b9cbd13db9d5e305cca3d8bf09d115563355c8a\\cucumber-gherkin-5.0.0-RC4.jar;C:\\Users\\magda\\.gradle\\caches\\modules-2\\files-2.1\\io.cucumber\\cucumber-plugin\\5.0.0-RC4\\f8960feb679aaaa39ae01ab58c87d0f1a339becc\\cucumber-plugin-5.0.0-RC4.jar;C:\\Users\\magda\\.gradle\\caches\\modules-2\\files-2.1\\io.cucumber\\docstring\\5.0.0-RC4\\b403aab0e7acd43d5e6d10570c618602c4da2735\\docstring-5.0.0-RC4.jar;C:\\Users\\magda\\.gradle\\caches\\modules-2\\files-2.1\\org.apiguardian\\apiguardian-api\\1.1.0\\fc9dff4bb36d627bdc553de77e1f17efd790876c\\
Launcher Type: SUN_STANDARD

[Global flags]
     intx CICompilerCount                          = 4                                         {product} {ergonomic}
     uint ConcGCThreads                            = 2                                         {product} {ergonomic}
     uint G1ConcRefinementThreads                  = 8                                         {product} {ergonomic}
   size_t G1HeapRegionSize                         = 1048576                                   {product} {ergonomic}
    uintx GCDrainStackTargetSize                   = 64                                        {product} {ergonomic}
   size_t InitialHeapSize                          = 266338304                                 {product} {ergonomic}
   size_t MarkStackSize                            = 4194304                                   {product} {ergonomic}
   size_t MaxHeapSize                              = 536870912                                 {product} {command line}
   size_t MinHeapDeltaBytes                        = 1048576                                   {product} {ergonomic}
    uintx NonNMethodCodeHeapSize                   = 5836300                                {pd product} {ergonomic}
    uintx NonProfiledCodeHeapSize                  = 122910970                              {pd product} {ergonomic}
    uintx ProfiledCodeHeapSize                     = 122910970                              {pd product} {ergonomic}
    uintx ReservedCodeCacheSize                    = 251658240                              {pd product} {ergonomic}
     bool SegmentedCodeCache                       = true                                      {product} {ergonomic}
     bool UseCompressedClassPointers               = true                                 {lp64_product} {ergonomic}
     bool UseCompressedOops                        = true                                 {lp64_product} {ergonomic}
     bool UseG1GC                                  = true                                      {product} {ergonomic}
     bool UseLargePagesIndividualAllocation        = false                                  {pd product} {ergonomic}

Logging:
Log output configuration:
 #0: stdout all=warning uptime,level,tags
 #1: stderr all=off uptime,level,tags

Environment Variables:
JAVA_HOME=C:\Java
PATH=C:\Windows\system32;C:\Windows;C:\Windows\System32\Wbem;C:\Windows\System32\WindowsPowerShell\v1.0\;C:\Program Files (x86)\NVIDIA Corporation\PhysX\Common;C:\WINDOWS\system32;C:\WINDOWS;C:\WINDOWS\System32\Wbem;C:\WINDOWS\System32\WindowsPowerShell\v1.0\;C:\WINDOWS\System32\OpenSSH\;C:\Program Files\Intel\WiFi\bin\;C:\Program Files\Common Files\Intel\WirelessCommon\;C:\Program Files (x86)\Intel\Intel(R) Management Engine Components\DAL;C:\Program Files\Intel\Intel(R) Management Engine Components\DAL;C:\Program Files\NVIDIA Corporation\NVIDIA NvDLISR;C:\Java\bin;C:\Gradle\gradle-6.2.2\bin;C:\Program Files\Git\cmd;C:\Program Files\MySQL\MySQL Shell 8.0\bin\;C:\Users\magda\AppData\Local\Microsoft\WindowsApps;
USERNAME=magda
OS=Windows_NT
PROCESSOR_IDENTIFIER=Intel64 Family 6 Model 158 Stepping 9, GenuineIntel



---------------  S Y S T E M  ---------------

OS: Windows 10 , 64 bit Build 18362 (10.0.18362.900)

CPU:total 8 (initial active 8) (4 cores per cpu, 2 threads per core) family 6 model 158 stepping 9, cmov, cx8, fxsr, mmx, sse, sse2, sse3, ssse3, sse4.1, sse4.2, popcnt, avx, avx2, aes, clmul, erms, 3dnowpref, lzcnt, ht, tsc, tscinvbit, bmi1, bmi2, adx, fma

Memory: 4k page, system-wide physical 16220M (2658M free)
TotalPageFile size 32589M (AvailPageFile size 111M)
current process WorkingSet (physical memory assigned to process): 9M, peak: 9M
current process commit charge ("private bytes"): 59M, peak: 313M

vm_info: OpenJDK 64-Bit Server VM (11.0.5+10-b520.38) for windows-amd64 JRE (11.0.5+10-b520.38), built on Jan 23 2020 07:58:32 by "" with MS VC++ 14.0 (VS2015)

END.
